<?xml version="1.0" encoding="UTF-8"?>
<testsuite name="Day3Test" tests="2" skipped="0" failures="0" errors="0" timestamp="2020-12-03T17:21:44" hostname="MacBook-Pro-de-Thomas.local" time="0.014">
  <properties/>
  <testcase name="solvePart1Test" classname="Day3Test" time="0.011"/>
  <testcase name="solvePart2Test" classname="Day3Test" time="0.003"/>
  <system-out><![CDATA[2
7
3
4
2
]]></system-out>
  <system-err><![CDATA[]]></system-err>
</testsuite>
